<?xml version="1.0" encoding="UTF-8"?>
<testsuite xmlns:xsi="http://www.w3.org/2001/XMLSchema-instance" xsi:noNamespaceSchemaLocation="https://maven.apache.org/surefire/maven-surefire-plugin/xsd/surefire-test-report-3.0.xsd" version="3.0" name="TestSuite" time="14.086" tests="2" errors="0" skipped="0" failures="0">
  <properties>
[...]
</properties>
  <testcase name="scenario[&quot;Testing the new user Registration UI functionality&quot;, &quot;Testing the Parabank website&quot;](1)" classname="auto_runner.Cucumber_Runner" time="7.529">
    <system-out><![CDATA[get_from_config(extent_report_path) = /results/extent_report.html
Runner is not null: dataprovider
Inside create_driver --->
driver creation successful!
get_from_config(wait_time) = 10
Explicit wait has been setup as 10 seconds
get_from_config(url) = https://parabank.parasoft.com/parabank/index.htm
step_fetch = User is preparing to test "test_1"
get_from_config(expected_page_title) = ParaBank | Welcome | Online Banking
get_from_config(expected_page_title) = ParaBank | Welcome | Online Banking
get_from_config(register_panel_header) = Signing up is easy!
get_from_config(register_panel_msg) = If you have an account with us you can sign-up for free instant online access. You will have to provide some personal information.
get_from_config(register_panel_header) = Signing up is easy!
get_from_config(register_panel_msg) = If you have an account with us you can sign-up for free instant online access. You will have to provide some personal information.
]]></system-out>
    <system-err><![CDATA[SLF4J: Failed to load class "org.slf4j.impl.StaticLoggerBinder".
SLF4J: Defaulting to no-operation (NOP) logger implementation
SLF4J: See http://www.slf4j.org/codes.html#StaticLoggerBinder for further details.
]]></system-err>
  </testcase>
  <testcase name="scenario[&quot;Testing the new user Registration UI functionality&quot;, &quot;Testing the Parabank website&quot;](2)" classname="auto_runner.Cucumber_Runner" time="5.409">
    <system-out><![CDATA[Inside create_driver --->
driver creation successful!
get_from_config(wait_time) = 10
Explicit wait has been setup as 10 seconds
get_from_config(url) = https://parabank.parasoft.com/parabank/index.htm
step_fetch = User is preparing to test "test_2"
get_from_config(expected_page_title) = ParaBank | Welcome | Online Banking
get_from_config(expected_page_title) = ParaBank | Welcome | Online Banking
get_from_config(register_panel_header) = Signing up is easy!
get_from_config(register_panel_msg) = If you have an account with us you can sign-up for free instant online access. You will have to provide some personal information.
get_from_config(register_panel_header) = Signing up is easy!
get_from_config(register_panel_msg) = If you have an account with us you can sign-up for free instant online access. You will have to provide some personal information.
]]></system-out>
  </testcase>
</testsuite>